<?xml version="1.0" encoding="UTF-8"?>
<!-- Generated by org.testng.reporters.JUnitXMLReporter -->
<testsuite ignored="0" hostname="kishore-PC" failures="1" tests="1" name="SearchEmployee(failed)" time="10.222" errors="0" timestamp="2023-07-18T18:03:19 IST">
  <testcase classname="testCases.SearchEmployee_TestCase" name="Search" time="10.123">
    <failure type="java.lang.ExceptionInInitializerError">
      <![CDATA[java.lang.ExceptionInInitializerError
at java.base/jdk.internal.misc.Unsafe.ensureClassInitialized0(Native Method)
at java.base/jdk.internal.misc.Unsafe.ensureClassInitialized(Unsafe.java:1160)
at org.openqa.selenium.support.PageFactory.instantiatePage(PageFactory.java:129)
at org.openqa.selenium.support.PageFactory.initElements(PageFactory.java:64)
at testCases.SearchEmployee_TestCase.Search(SearchEmployee_TestCase.java:12)
at java.base/java.util.ArrayList.forEach(ArrayList.java:1511)
Caused by: org.openqa.selenium.NoSuchElementException: no such element: Unable to locate element: {"method":"css selector","selector":"#CountryId"}
  (Session info: MicrosoftEdge=109.0.1518.115)
For documentation on this error, please visit: https://selenium.dev/exceptions/#no_such_element
Build info: version: '4.8.1', revision: '8ebccac989'
System info: os.name: 'Windows 7', os.arch: 'amd64', os.version: '6.1', java.version: '19.0.2'
Driver info: org.openqa.selenium.edge.EdgeDriver
Command: [f6c450ea988afbd87ef01b97f20f9e3e, findElement {using=id, value=CountryId}]
Capabilities {acceptInsecureCerts: false, browserName: msedge, browserVersion: 109.0.1518.115, ms:edgeOptions: {debuggerAddress: localhost:56749}, msedge: {msedgedriverVersion: 109.0.1518.78 (4e4b32c38163..., userDataDir: C:\Users\kishore\AppData\Lo...}, networkConnectionEnabled: false, pageLoadStrategy: normal, platformName: WINDOWS, proxy: Proxy(), se:cdp: ws://localhost:56749/devtoo..., se:cdpVersion: 109.0.1518.115, setWindowRect: true, strictFileInteractability: false, timeouts: {implicit: 0, pageLoad: 300000, script: 30000}, unhandledPromptBehavior: dismiss and notify, webauthn:extension:credBlob: true, webauthn:extension:largeBlob: true, webauthn:virtualAuthenticators: true}
Session ID: f6c450ea988afbd87ef01b97f20f9e3e
at org.openqa.selenium.remote.codec.w3c.W3CHttpResponseCodec.createException(W3CHttpResponseCodec.java:200)
at org.openqa.selenium.remote.codec.w3c.W3CHttpResponseCodec.decode(W3CHttpResponseCodec.java:133)
at org.openqa.selenium.remote.codec.w3c.W3CHttpResponseCodec.decode(W3CHttpResponseCodec.java:53)
at org.openqa.selenium.remote.HttpCommandExecutor.execute(HttpCommandExecutor.java:184)
at org.openqa.selenium.remote.service.DriverCommandExecutor.invokeExecute(DriverCommandExecutor.java:167)
at org.openqa.selenium.remote.service.DriverCommandExecutor.execute(DriverCommandExecutor.java:142)
at org.openqa.selenium.remote.RemoteWebDriver.execute(RemoteWebDriver.java:543)
at org.openqa.selenium.remote.ElementLocation$ElementFinder$2.findElement(ElementLocation.java:162)
at org.openqa.selenium.remote.ElementLocation.findElement(ElementLocation.java:66)
at org.openqa.selenium.remote.RemoteWebDriver.findElement(RemoteWebDriver.java:352)
at org.openqa.selenium.remote.RemoteWebDriver.findElement(RemoteWebDriver.java:344)
at pageObjects.SearchEmployee_Page.<clinit>(SearchEmployee_Page.java:26)
... 37 more
... Removed 34 stack frames]]>
    </failure>
  </testcase> <!-- Search -->
</testsuite> <!-- SearchEmployee(failed) -->
